Start testing: May 01 10:44 UTC
----------------------------------------------------------
1/3 Testing: quicksort
1/3 Test: quicksort
Command: "/home/pcsdocker/Data/es_pcs_2026/esercitazione5/build_release/test_quicksort"
Directory: /home/pcsdocker/Data/es_pcs_2026/esercitazione5/build_release
"quicksort" start time: May 01 10:44 UTC
Output:
----------------------------------------------------------
<end of output>
Test time =   0.01 sec
----------------------------------------------------------
Test Passed.
"quicksort" end time: May 01 10:44 UTC
"quicksort" time elapsed: 00:00:00
----------------------------------------------------------

2/3 Testing: mergesort
2/3 Test: mergesort
Command: "/home/pcsdocker/Data/es_pcs_2026/esercitazione5/build_release/test_mergesort"
Directory: /home/pcsdocker/Data/es_pcs_2026/esercitazione5/build_release
"mergesort" start time: May 01 10:44 UTC
Output:
----------------------------------------------------------
<end of output>
Test time =   0.03 sec
----------------------------------------------------------
Test Passed.
"mergesort" end time: May 01 10:44 UTC
"mergesort" time elapsed: 00:00:00
----------------------------------------------------------

3/3 Testing: super_quicksort
3/3 Test: super_quicksort
Command: "/home/pcsdocker/Data/es_pcs_2026/esercitazione5/build_release/test_super_quicksort"
Directory: /home/pcsdocker/Data/es_pcs_2026/esercitazione5/build_release
"super_quicksort" start time: May 01 10:44 UTC
Output:
----------------------------------------------------------
<end of output>
Test time =   0.01 sec
----------------------------------------------------------
Test Passed.
"super_quicksort" end time: May 01 10:44 UTC
"super_quicksort" time elapsed: 00:00:00
----------------------------------------------------------

End testing: May 01 10:44 UTC
