Start testing: Apr 12 17:03 UTC
----------------------------------------------------------
1/3 Testing: bubblesort
1/3 Test: bubblesort
Command: "/home/pcsdocker/Data/es_pcs_2026/esercitazione4/build/test_bubblesort"
Directory: /home/pcsdocker/Data/es_pcs_2026/esercitazione4/build
"bubblesort" start time: Apr 12 17:03 UTC
Output:
----------------------------------------------------------
<end of output>
Test time =   0.12 sec
----------------------------------------------------------
Test Passed.
"bubblesort" end time: Apr 12 17:03 UTC
"bubblesort" time elapsed: 00:00:00
----------------------------------------------------------

2/3 Testing: insertionsort
2/3 Test: insertionsort
Command: "/home/pcsdocker/Data/es_pcs_2026/esercitazione4/build/test_insertionsort"
Directory: /home/pcsdocker/Data/es_pcs_2026/esercitazione4/build
"insertionsort" start time: Apr 12 17:03 UTC
Output:
----------------------------------------------------------
<end of output>
Test time =   0.05 sec
----------------------------------------------------------
Test Passed.
"insertionsort" end time: Apr 12 17:03 UTC
"insertionsort" time elapsed: 00:00:00
----------------------------------------------------------

3/3 Testing: selectionsort
3/3 Test: selectionsort
Command: "/home/pcsdocker/Data/es_pcs_2026/esercitazione4/build/test_selectionsort"
Directory: /home/pcsdocker/Data/es_pcs_2026/esercitazione4/build
"selectionsort" start time: Apr 12 17:03 UTC
Output:
----------------------------------------------------------
<end of output>
Test time =   0.11 sec
----------------------------------------------------------
Test Passed.
"selectionsort" end time: Apr 12 17:03 UTC
"selectionsort" time elapsed: 00:00:00
----------------------------------------------------------

End testing: Apr 12 17:03 UTC
