Start testing: May 17 10:08 UTC
----------------------------------------------------------
1/2 Testing: testgraphvisit
1/2 Test: testgraphvisit
Command: "/home/pcsdocker/Data/es_pcs_2026/esercitazione9/build/test_graph_visit"
Directory: /home/pcsdocker/Data/es_pcs_2026/esercitazione9/build
"testgraphvisit" start time: May 17 10:08 UTC
Output:
----------------------------------------------------------
0 -> 1
1 -> 3
3 -> 2
3 -> 4
4 -> 5
<end of output>
Test time =   0.02 sec
----------------------------------------------------------
Test Passed.
"testgraphvisit" end time: May 17 10:08 UTC
"testgraphvisit" time elapsed: 00:00:00
----------------------------------------------------------

2/2 Testing: test_dijkstra
2/2 Test: test_dijkstra
Command: "/home/pcsdocker/Data/es_pcs_2026/esercitazione9/build/test_dijkstra"
Directory: /home/pcsdocker/Data/es_pcs_2026/esercitazione9/build
"test_dijkstra" start time: May 17 10:08 UTC
Output:
----------------------------------------------------------
Distanze dal nodo 0:
  Nodo 0: 0
  Nodo 1: 3
  Nodo 2: 2
  Nodo 3: 8
  Nodo 4: 10
  Nodo 5: 13
<end of output>
Test time =   0.02 sec
----------------------------------------------------------
Test Passed.
"test_dijkstra" end time: May 17 10:08 UTC
"test_dijkstra" time elapsed: 00:00:00
----------------------------------------------------------

End testing: May 17 10:08 UTC
